info it worked if it ends with ok
verbose cli [ 'node', '/home/tom/.nvm/v0.6.1/bin/npm', 'publish' ]
info using npm@1.0.105
info using node@v0.6.1
verbose config file /home/tom/.npmrc
verbose config file /home/tom/.nvm/v0.6.1/etc/npmrc
verbose config file /home/tom/.nvm/v0.6.1/lib/node_modules/npm/npmrc
verbose publish [ '.' ]
silly testEngine { author: 
silly testEngine    { name: 'Thomas Blobaum',
silly testEngine      email: 'tblobaum@gmail.com',
silly testEngine      url: 'https://github.com/tblobaum' },
silly testEngine   name: 'directory',
silly testEngine   description: 'require all of the other paths in the current directory',
silly testEngine   version: '0.0.4',
silly testEngine   repository: 
silly testEngine    { type: 'git',
silly testEngine      url: 'git://github.com/tblobaum/node-directory.git' },
silly testEngine   scripts: { test: 'npm test' },
silly testEngine   engines: { node: '~0.6.1' },
silly testEngine   dependencies: { findit: '~0.1.2' },
silly testEngine   devDependencies: {},
silly testEngine   _npmUser: { name: 'tblobaum', email: 'tblobaum@gmail.com' },
silly testEngine   _id: 'directory@0.0.4',
silly testEngine   _engineSupported: true,
silly testEngine   _npmVersion: '1.0.105',
silly testEngine   _nodeVersion: 'v0.6.1',
silly testEngine   _defaultsLoaded: true }
verbose caching /home/tom/Apps/node-directory/package.json
verbose loadDefaults directory@0.0.4
info prepublish directory@0.0.4
verbose cache add [ '.', null ]
silly cache add: name, spec, args [ undefined, '.', [ '.', null ] ]
verbose parsed url { pathname: '.', path: '.', href: '.' }
silly testEngine { author: 
silly testEngine    { name: 'Thomas Blobaum',
silly testEngine      email: 'tblobaum@gmail.com',
silly testEngine      url: 'https://github.com/tblobaum' },
silly testEngine   name: 'directory',
silly testEngine   description: 'require all of the other paths in the current directory',
silly testEngine   version: '0.0.4',
silly testEngine   repository: 
silly testEngine    { type: 'git',
silly testEngine      url: 'git://github.com/tblobaum/node-directory.git' },
silly testEngine   scripts: { test: 'npm test' },
silly testEngine   engines: { node: '~0.6.1' },
silly testEngine   dependencies: { findit: '~0.1.2' },
silly testEngine   devDependencies: {},
silly testEngine   _npmUser: { name: 'tblobaum', email: 'tblobaum@gmail.com' },
silly testEngine   _id: 'directory@0.0.4',
silly testEngine   _engineSupported: true,
silly testEngine   _npmVersion: '1.0.105',
silly testEngine   _nodeVersion: 'v0.6.1',
silly testEngine   _defaultsLoaded: true,
silly testEngine   path: '/home/tom/Apps/node-directory',
silly testEngine   bundleDependencies: [] }
verbose caching package.json
verbose loadDefaults directory@0.0.4
verbose pack /home/tom/Apps/node-directory /tmp/npm-1323179675029/1323179675029-0.7149686256889254/tmp.tgz
silly makeList /home/tom/Apps/node-directory
verbose mkdir (expected) error ENOENT, no such file or directory '/tmp/npm-1323179675029'
verbose mkdir (expected) error ENOENT, no such file or directory '/tmp/npm-1323179675029/1323179675029-0.7149686256889254'
verbose mkdir done: /tmp/npm-1323179675029/1323179675029-0.7149686256889254 755
verbose mkdir'ed /tmp/npm-1323179675029/1323179675029-0.7149686256889254
verbose tar about to write tar and gzip it.
silly tar args [ '-czvf', '-', '-T', '-' ]
silly spawning [ 'tar', [ '-czvf', '-', '-T', '-' ], '/home/tom/Apps' ]
verbose mkdir (expected) error ENOENT, no such file or directory '/tmp/npm-1323179675029/1323179675029-0.7149686256889254/contents'
verbose mkdir (expected) error ENOENT, no such file or directory '/tmp/npm-1323179675029/1323179675029-0.7149686256889254/contents/___package.npm'
verbose mkdir done: /tmp/npm-1323179675029/1323179675029-0.7149686256889254/contents/___package.npm 755
verbose unpack_ uid, gid [ undefined, undefined ]
verbose unpackTarget /tmp/npm-1323179675029/1323179675029-0.7149686256889254/contents/package
silly gunzTarPerm modes [ '755', '644' ]
silly spawning [ 'tar',
silly spawning   [ '-zmvxpf',
silly spawning     '/tmp/npm-1323179675029/1323179675029-0.7149686256889254/tmp.tgz' ],
silly spawning   '/tmp/npm-1323179675029/1323179675029-0.7149686256889254/contents/___package.npm' ]
silly tar out node-directory/package.json
silly tar out node-directory/.gitignore
silly tar out node-directory/index.js
silly tar out node-directory/README.md
silly tar exit 0
silly asyncMap in gTP /tmp/npm-1323179675029/1323179675029-0.7149686256889254/contents/___package.npm/node-directory
silly asyncMap in gTP /tmp/npm-1323179675029/1323179675029-0.7149686256889254/contents/___package.npm/node-directory/package.json
silly asyncMap in gTP /tmp/npm-1323179675029/1323179675029-0.7149686256889254/contents/___package.npm/node-directory/.gitignore
silly asyncMap in gTP /tmp/npm-1323179675029/1323179675029-0.7149686256889254/contents/___package.npm/node-directory/index.js
silly asyncMap in gTP /tmp/npm-1323179675029/1323179675029-0.7149686256889254/contents/___package.npm/node-directory/README.md
silly chmod node-directory 755
silly chmod package.json 644
silly chmod .gitignore 644
silly chmod index.js 644
silly chmod README.md 644
verbose gunzed /tmp/npm-1323179675029/1323179675029-0.7149686256889254/contents/___package.npm/node-directory
verbose rm'ed /tmp/npm-1323179675029/1323179675029-0.7149686256889254/contents/package
verbose renamed [ '/tmp/npm-1323179675029/1323179675029-0.7149686256889254/contents/___package.npm/node-directory',
verbose renamed   '/tmp/npm-1323179675029/1323179675029-0.7149686256889254/contents/package' ]
silly testEngine { author: 
silly testEngine    { name: 'Thomas Blobaum',
silly testEngine      email: 'tblobaum@gmail.com',
silly testEngine      url: 'https://github.com/tblobaum' },
silly testEngine   name: 'directory',
silly testEngine   description: 'require all of the other paths in the current directory',
silly testEngine   version: '0.0.4',
silly testEngine   repository: 
silly testEngine    { type: 'git',
silly testEngine      url: 'git://github.com/tblobaum/node-directory.git' },
silly testEngine   scripts: { test: 'npm test' },
silly testEngine   engines: { node: '~0.6.1' },
silly testEngine   dependencies: { findit: '~0.1.2' },
silly testEngine   devDependencies: {},
silly testEngine   _npmUser: { name: 'tblobaum', email: 'tblobaum@gmail.com' },
silly testEngine   _id: 'directory@0.0.4',
silly testEngine   _engineSupported: true,
silly testEngine   _npmVersion: '1.0.105',
silly testEngine   _nodeVersion: 'v0.6.1',
silly testEngine   _defaultsLoaded: true,
silly testEngine   path: '/tmp/npm-1323179675029/1323179675029-0.7149686256889254/contents/package' }
verbose caching /tmp/npm-1323179675029/1323179675029-0.7149686256889254/contents/package/package.json
verbose loadDefaults directory@0.0.4
verbose tarball contents [ 'package' ]
verbose from cache /tmp/npm-1323179675029/1323179675029-0.7149686256889254/contents/package/package.json
verbose pack /tmp/npm-1323179675029/1323179675029-0.7149686256889254/contents/package /home/tom/.npm/directory/0.0.4/package.tgz
silly makeList /tmp/npm-1323179675029/1323179675029-0.7149686256889254/contents/package
verbose mkdir'ed /home/tom/.npm/directory/0.0.4
verbose tar about to write tar and gzip it.
silly tar args [ '-czvf', '-', '-T', '-' ]
silly spawning [ 'tar',
silly spawning   [ '-czvf', '-', '-T', '-' ],
silly spawning   '/tmp/npm-1323179675029/1323179675029-0.7149686256889254/contents' ]
verbose mkdir (expected) error ENOENT, no such file or directory '/home/tom/.npm/directory/0.0.4/___package.npm'
verbose mkdir done: /home/tom/.npm/directory/0.0.4/___package.npm 755
verbose unpack_ uid, gid [ undefined, undefined ]
verbose unpackTarget /home/tom/.npm/directory/0.0.4/package
silly gunzTarPerm modes [ '755', '644' ]
silly spawning [ 'tar',
silly spawning   [ '-zmvxpf', '/home/tom/.npm/directory/0.0.4/package.tgz' ],
silly spawning   '/home/tom/.npm/directory/0.0.4/___package.npm' ]
silly tar out package/package.json
silly tar out package/.gitignore
silly tar out package/index.js
silly tar out package/README.md
silly tar exit 0
silly asyncMap in gTP /home/tom/.npm/directory/0.0.4/___package.npm/package
silly asyncMap in gTP /home/tom/.npm/directory/0.0.4/___package.npm/package/package.json
silly asyncMap in gTP /home/tom/.npm/directory/0.0.4/___package.npm/package/.gitignore
silly asyncMap in gTP /home/tom/.npm/directory/0.0.4/___package.npm/package/index.js
silly asyncMap in gTP /home/tom/.npm/directory/0.0.4/___package.npm/package/README.md
silly chmod package 755
verbose gunzed /home/tom/.npm/directory/0.0.4/___package.npm/package
verbose rm'ed /home/tom/.npm/directory/0.0.4/package
verbose renamed [ '/home/tom/.npm/directory/0.0.4/___package.npm/package',
verbose renamed   '/home/tom/.npm/directory/0.0.4/package' ]
silly testEngine { author: 
silly testEngine    { name: 'Thomas Blobaum',
silly testEngine      email: 'tblobaum@gmail.com',
silly testEngine      url: 'https://github.com/tblobaum' },
silly testEngine   name: 'directory',
silly testEngine   description: 'require all of the other paths in the current directory',
silly testEngine   version: '0.0.4',
silly testEngine   repository: 
silly testEngine    { type: 'git',
silly testEngine      url: 'git://github.com/tblobaum/node-directory.git' },
silly testEngine   scripts: { test: 'npm test' },
silly testEngine   engines: { node: '~0.6.1' },
silly testEngine   dependencies: { findit: '~0.1.2' },
silly testEngine   devDependencies: {},
silly testEngine   _npmUser: { name: 'tblobaum', email: 'tblobaum@gmail.com' },
silly testEngine   _id: 'directory@0.0.4',
silly testEngine   _engineSupported: true,
silly testEngine   _npmVersion: '1.0.105',
silly testEngine   _nodeVersion: 'v0.6.1',
silly testEngine   _defaultsLoaded: true,
silly testEngine   dist: 
silly testEngine    { shasum: 'c81fcf975c1ed734788127cca0dda954f4ae4d34',
silly testEngine      tarball: 'http://registry.npmjs.org/directory/-/directory-0.0.4.tgz' } }
verbose caching /home/tom/.npm/directory/0.0.4/package/package.json
verbose loadDefaults directory@0.0.4
silly updated sha bytes 828
info shasum c81fcf975c1ed734788127cca0dda954f4ae4d34
info shasum /home/tom/.npm/directory/0.0.4/package.tgz
verbose from cache /home/tom/.npm/directory/0.0.4/package/package.json
verbose chmod /home/tom/.npm/directory/0.0.4/package.tgz 644
verbose chown [ '/home/tom/.npm/directory/0.0.4/package.tgz', 500, 500 ]
silly publish { author: 
silly publish    { name: 'Thomas Blobaum',
silly publish      email: 'tblobaum@gmail.com',
silly publish      url: 'https://github.com/tblobaum' },
silly publish   name: 'directory',
silly publish   description: 'require all of the other paths in the current directory',
silly publish   version: '0.0.4',
silly publish   repository: 
silly publish    { type: 'git',
silly publish      url: 'git://github.com/tblobaum/node-directory.git' },
silly publish   scripts: { test: 'npm test' },
silly publish   engines: { node: '~0.6.1' },
silly publish   dependencies: { findit: '~0.1.2' },
silly publish   devDependencies: {},
silly publish   _npmUser: { name: 'tblobaum', email: 'tblobaum@gmail.com' },
silly publish   _id: 'directory@0.0.4',
silly publish   _engineSupported: true,
silly publish   _npmVersion: '1.0.105',
silly publish   _nodeVersion: 'v0.6.1',
silly publish   _defaultsLoaded: true,
silly publish   dist: 
silly publish    { shasum: 'c81fcf975c1ed734788127cca0dda954f4ae4d34',
silly publish      tarball: 'http://registry.npmjs.org/directory/-/directory-0.0.4.tgz' } }
verbose PUT directory
verbose raw, before any munging directory
verbose url resolving [ 'https://registry.npmjs.org/', './directory' ]
verbose url resolved https://registry.npmjs.org/directory
verbose GET directory
verbose raw, before any munging directory
verbose url resolving [ 'https://registry.npmjs.org/', './directory' ]
verbose url resolved https://registry.npmjs.org/directory
info Already published directory@0.0.4
verbose uploading bin dists []
ERR! publish fail Cannot publish over existing version.
ERR! publish fail Bump the 'version' field, set the --force flag, or
ERR! publish fail     npm unpublish 'directory@0.0.4'
ERR! publish fail and try again
ERR! 
ERR! System Linux 2.6.41.1-1.fc15.i686
ERR! command "node" "/home/tom/.nvm/v0.6.1/bin/npm" "publish"
ERR! cwd /home/tom/Apps/node-directory
ERR! node -v v0.6.1
ERR! npm -v 1.0.105
ERR! code EPUBLISHCONFLICT
verbose exit [ 1, true ]
